<?xml version="1.0" encoding="UTF-8"?>
<!-- Generated by org.testng.reporters.JUnitXMLReporter -->
<testsuite ignored="0" hostname="EPINHYDW012D" failures="0" tests="3" name="Default test" time="14.004" errors="0" timestamp="2024-06-27T20:46:39 IST">
  <testcase classname="Jenkins.BlueOcean.EcommerceTest" name="loginPageVerification" time="13.941"/>
  <testcase classname="Jenkins.BlueOcean.EcommerceTest" name="navigateToHomePage" time="0.016"/>
  <testcase classname="Jenkins.BlueOcean.EcommerceTest" name="loggedIn" time="0.0"/>
</testsuite> <!-- Default test -->
