<?xml version="1.0" encoding="UTF-8"?>
<!-- Generated by org.testng.reporters.JUnitXMLReporter -->
<testsuite ignored="0" hostname="EPINHYDW012D" failures="1" tests="4" name="Default test" time="6.263" errors="0" timestamp="2024-06-27T14:51:24 IST">
  <testcase classname="Jenkins.BlueOcean.EcommerceTest" name="launchBrouser" time="3.203"/>
  <testcase classname="Jenkins.BlueOcean.EcommerceTest" name="getUrl" time="3.004">
    <failure type="org.testng.internal.thread.ThreadTimeoutException" message="Method Jenkins.BlueOcean.EcommerceTest.getUrl() didn&amp;apos;t finish within the time-out 3000">
      <![CDATA[org.testng.internal.thread.ThreadTimeoutException: Method Jenkins.BlueOcean.EcommerceTest.getUrl() didn't finish within the time-out 3000
at java.base@17.0.10/java.lang.Thread.sleep(Native Method)
at app//Jenkins.BlueOcean.EcommerceTest.getUrl(EcommerceTest.java:22)
at java.base@17.0.10/jdk.internal.reflect.NativeMethodAccessorImpl.invoke0(Native Method)
at java.base@17.0.10/jdk.internal.reflect.NativeMethodAccessorImpl.invoke(NativeMethodAccessorImpl.java:77)
at java.base@17.0.10/jdk.internal.reflect.DelegatingMethodAccessorImpl.invoke(DelegatingMethodAccessorImpl.java:43)
at java.base@17.0.10/java.lang.reflect.Method.invoke(Method.java:568)
at app//org.testng.internal.invokers.MethodInvocationHelper.invokeMethod(MethodInvocationHelper.java:141)
at app//org.testng.internal.invokers.InvokeMethodRunnable.runOne(InvokeMethodRunnable.java:47)
at app//org.testng.internal.invokers.InvokeMethodRunnable.call(InvokeMethodRunnable.java:76)
at app//org.testng.internal.invokers.InvokeMethodRunnable.call(InvokeMethodRunnable.java:11)
at java.base@17.0.10/java.util.concurrent.FutureTask.run(FutureTask.java:264)
at java.base@17.0.10/java.util.concurrent.ThreadPoolExecutor.runWorker(ThreadPoolExecutor.java:1136)
at java.base@17.0.10/java.util.concurrent.ThreadPoolExecutor$Worker.run(ThreadPoolExecutor.java:635)
at java.base@17.0.10/java.lang.Thread.run(Thread.java:840)
]]>
    </failure>
  </testcase> <!-- getUrl -->
  <testcase classname="Jenkins.BlueOcean.EcommerceTest" name="navigateToHomePage" time="0.001"/>
  <testcase classname="Jenkins.BlueOcean.EcommerceTest" name="loggedIn" time="0.002"/>
</testsuite> <!-- Default test -->
