<?xml version="1.0" encoding="UTF-8"?>
<!-- Generated by org.testng.reporters.JUnitXMLReporter -->
<testsuite ignored="0" hostname="EPINHYDW012D" failures="0" tests="4" name="Test" time="3.967" errors="0" timestamp="2024-06-27T14:50:17 IST">
  <testcase classname="Jenkins.BlueOcean.EcommerceTest" name="launchBrouser" time="3.863"/>
  <testcase classname="Jenkins.BlueOcean.EcommerceTest" name="getUrl" time="0.003"/>
  <testcase classname="Jenkins.BlueOcean.EcommerceTest" name="navigateToHomePage" time="0.008"/>
  <testcase classname="Jenkins.BlueOcean.EcommerceTest" name="loggedIn" time="0.025"/>
</testsuite> <!-- Test -->
