<?xml version="1.0" encoding="UTF-8"?>
<!-- Generated by org.testng.reporters.JUnitXMLReporter -->
<testsuite ignored="0" hostname="EPINHYDW012D" failures="0" tests="4" name="Test" time="0.045" errors="0" timestamp="2024-06-27T13:04:26 IST">
  <testcase classname="Jenkins.BlueOcean.Ecommerce" name="launchBrouser" time="0.006"/>
  <testcase classname="Jenkins.BlueOcean.Ecommerce" name="getUrl" time="0.001"/>
  <testcase classname="Jenkins.BlueOcean.Ecommerce" name="navigateToHomePage" time="0.001"/>
  <testcase classname="Jenkins.BlueOcean.Ecommerce" name="loggedIn" time="0.001"/>
</testsuite> <!-- Test -->
