<?xml version="1.0" encoding="UTF-8"?>
<testng-results ignored="0" total="3" passed="3" failed="0" skipped="0">
  <reporter-output>
  </reporter-output>
  <suite started-at="2024-06-27T20:46:25 IST" name="Default suite" finished-at="2024-06-27T20:46:39 IST" duration-ms="14004">
    <groups>
    </groups>
    <test started-at="2024-06-27T20:46:25 IST" name="Default test" finished-at="2024-06-27T20:46:39 IST" duration-ms="14004">
      <class name="Jenkins.BlueOcean.EcommerceTest">
        <test-method signature="loginPageVerification()[pri:0, instance:Jenkins.BlueOcean.EcommerceTest@3c77d488]" started-at="2024-06-27T20:46:25 IST" name="loginPageVerification" finished-at="2024-06-27T20:46:39 IST" duration-ms="13941" status="PASS">
          <reporter-output>
          </reporter-output>
        </test-method> <!-- loginPageVerification -->
        <test-method signature="navigateToHomePage()[pri:1, instance:Jenkins.BlueOcean.EcommerceTest@3c77d488]" started-at="2024-06-27T20:46:39 IST" name="navigateToHomePage" finished-at="2024-06-27T20:46:39 IST" duration-ms="16" status="PASS">
          <reporter-output>
          </reporter-output>
        </test-method> <!-- navigateToHomePage -->
        <test-method signature="loggedIn()[pri:2, instance:Jenkins.BlueOcean.EcommerceTest@3c77d488]" started-at="2024-06-27T20:46:39 IST" name="loggedIn" finished-at="2024-06-27T20:46:39 IST" duration-ms="0" status="PASS">
          <reporter-output>
          </reporter-output>
        </test-method> <!-- loggedIn -->
      </class> <!-- Jenkins.BlueOcean.EcommerceTest -->
    </test> <!-- Default test -->
  </suite> <!-- Default suite -->
</testng-results>
