<?xml version="1.0" encoding="UTF-8"?>
<testng-results ignored="0" total="4" passed="4" failed="0" skipped="0">
  <reporter-output>
  </reporter-output>
  <suite started-at="2024-06-27T13:04:26 IST" name="Suite" finished-at="2024-06-27T13:04:26 IST" duration-ms="45">
    <groups>
    </groups>
    <test started-at="2024-06-27T13:04:26 IST" name="Test" finished-at="2024-06-27T13:04:26 IST" duration-ms="45">
      <class name="Jenkins.BlueOcean.Ecommerce">
        <test-method signature="launchBrouser()[pri:0, instance:Jenkins.BlueOcean.Ecommerce@17497425]" started-at="2024-06-27T13:04:26 IST" name="launchBrouser" finished-at="2024-06-27T13:04:26 IST" duration-ms="6" status="PASS">
          <reporter-output>
          </reporter-output>
        </test-method> <!-- launchBrouser -->
        <test-method signature="getUrl()[pri:1, instance:Jenkins.BlueOcean.Ecommerce@17497425]" started-at="2024-06-27T13:04:26 IST" name="getUrl" finished-at="2024-06-27T13:04:26 IST" duration-ms="1" status="PASS">
          <reporter-output>
          </reporter-output>
        </test-method> <!-- getUrl -->
        <test-method signature="navigateToHomePage()[pri:2, instance:Jenkins.BlueOcean.Ecommerce@17497425]" started-at="2024-06-27T13:04:26 IST" name="navigateToHomePage" finished-at="2024-06-27T13:04:26 IST" duration-ms="1" status="PASS">
          <reporter-output>
          </reporter-output>
        </test-method> <!-- navigateToHomePage -->
        <test-method signature="loggedIn()[pri:3, instance:Jenkins.BlueOcean.Ecommerce@17497425]" started-at="2024-06-27T13:04:26 IST" name="loggedIn" finished-at="2024-06-27T13:04:26 IST" duration-ms="1" status="PASS">
          <reporter-output>
          </reporter-output>
        </test-method> <!-- loggedIn -->
      </class> <!-- Jenkins.BlueOcean.Ecommerce -->
    </test> <!-- Test -->
  </suite> <!-- Suite -->
</testng-results>
